0 info it worked if it ends with ok
1 verbose cli [ '/home/maxpoon/.nvm/versions/node/v4.4.5/bin/node',
1 verbose cli   '/home/maxpoon/.nvm/versions/node/v4.4.5/bin/npm',
1 verbose cli   'publish' ]
2 info using npm@2.15.5
3 info using node@v4.4.5
4 verbose publish [ '.' ]
5 silly cache add args [ '.', null ]
6 verbose cache add spec .
7 silly cache add parsed spec Result {
7 silly cache add   raw: '.',
7 silly cache add   scope: null,
7 silly cache add   name: null,
7 silly cache add   rawSpec: '.',
7 silly cache add   spec: '/home/maxpoon/Open_Source_Projects/handleRotation.js',
7 silly cache add   type: 'directory' }
8 verbose addLocalDirectory /home/maxpoon/.npm/handle-rotation.js/1.0.0/package.tgz not in flight; packing
9 verbose correctMkdir /home/maxpoon/.npm correctMkdir not in flight; initializing
10 verbose tar pack [ '/home/maxpoon/.npm/handle-rotation.js/1.0.0/package.tgz',
10 verbose tar pack   '/home/maxpoon/Open_Source_Projects/handleRotation.js' ]
11 verbose tarball /home/maxpoon/.npm/handle-rotation.js/1.0.0/package.tgz
12 verbose folder /home/maxpoon/Open_Source_Projects/handleRotation.js
13 info prepublish handle-rotation.js@1.0.0
14 verbose addLocalTarball adding from inside cache /home/maxpoon/.npm/handle-rotation.js/1.0.0/package.tgz
15 verbose correctMkdir /home/maxpoon/.npm correctMkdir not in flight; initializing
16 silly cache afterAdd handle-rotation.js@1.0.0
17 verbose afterAdd /home/maxpoon/.npm/handle-rotation.js/1.0.0/package/package.json not in flight; writing
18 verbose correctMkdir /home/maxpoon/.npm correctMkdir not in flight; initializing
19 verbose afterAdd /home/maxpoon/.npm/handle-rotation.js/1.0.0/package/package.json written
20 silly publish { name: 'handle-rotation.js',
20 silly publish   version: '1.0.0',
20 silly publish   description: 'add a handle to rotate the HTML Dom element',
20 silly publish   main: 'src/handleRotation.js',
20 silly publish   scripts: { test: 'echo "Error: no test specified" && exit 1' },
20 silly publish   repository:
20 silly publish    { type: 'git',
20 silly publish      url: 'git+https://github.com/MaxPoon/handleRotation.js.git' },
20 silly publish   keywords: [ 'rotation', 'rotate', 'handle' ],
20 silly publish   author: { name: 'MaxPoon', email: 'maxpanziyuan@gmail.com' },
20 silly publish   license: 'MIT',
20 silly publish   bugs: { url: 'https://github.com/MaxPoon/handleRotation.js/issues' },
20 silly publish   homepage: 'https://github.com/MaxPoon/handleRotation.js#readme',
20 silly publish   dependencies: { jquery: '3.1.1' },
20 silly publish   readme: '# handleRotation.js\nAdd a handle to rotate the Dom element\n\n## Demo\n[codepen demo](http://codepen.io/MaxPoon/pen/qaXVOB) \n## Installation\n\tnpm install handle-rotation.js\nLink jquery to your html file since out plugin depends on it:\n```<script src="https://code.jquery.com/jquery-2.2.0.min.js"></script>```\n\nLink the plugin to html file:\n```<script type="text/javascript" src="handleRotate.js"></script>```\n\n## API\n### `addHandle(target, originX, originY, handleX, handleY, color, handleWidth, handleHeight)`\nAdd a handle to the target dom element with the customized attributes.\n\ntarget: the target dom element.\n\noriginX: the x value of the origin for rotation in percentage. Defalt value: 50.\n\noriginY: the y value of the origin for rotation in percentage. Defalt value: 50.\n\nhandleX: the horizontal position of the handle related to the target. Defalt value: 120.\n\nhandleY: the vertical position of the handle related to the target. Defalt value: 50.\n\ncolor: color of the handle. Defalt value: "black".\n\nhandleWidth: width of the handle in px. Defalt value: 10.\n\nhandleHeight: height of the handle in px. Defalt value: 10.\n\n## Demo Example\nHTML:\n```\n<!DOCTYPE html>\n<html>\n<head>\n\t<title></title>\n\t<script src="https://code.jquery.com/jquery-2.2.0.min.js"></script>\n\t<script type="text/javascript" src="handleRotate.js"></script>\n\t\n</head>\n<body>\n<div style="height:1000px;width:1000px">\n\t<div id="demo" style="left:300px;top:300px;height:50px;width:50px;position:absolute;background-color:red"></div>\n</div>\n\t<script type="text/javascript" src="demo.js"></script>\n</body>\n</html>\n```\nJavascript:\n```js\nvar r = new handleRotation();\nvar div = document.getElementById("demo");\nr.addHandle(div);\n```',
20 silly publish   readmeFilename: 'README.md',
20 silly publish   gitHead: 'a78f318b23f2bcffcb4de9a437b595ba7eb4db78',
20 silly publish   _id: 'handle-rotation.js@1.0.0',
20 silly publish   _shasum: '05ce82467ccf5088d73c6bfa75ae1f5c086ef0fb',
20 silly publish   _from: '.' }
21 verbose getPublishConfig undefined
22 silly mapToRegistry name handle-rotation.js
23 silly mapToRegistry using default registry
24 silly mapToRegistry registry https://registry.npmjs.org/
25 silly mapToRegistry data Result {
25 silly mapToRegistry   raw: 'handle-rotation.js',
25 silly mapToRegistry   scope: null,
25 silly mapToRegistry   name: 'handle-rotation.js',
25 silly mapToRegistry   rawSpec: '',
25 silly mapToRegistry   spec: 'latest',
25 silly mapToRegistry   type: 'tag' }
26 silly mapToRegistry uri https://registry.npmjs.org/handle-rotation.js
27 verbose publish registryBase https://registry.npmjs.org/
28 silly publish uploading /home/maxpoon/.npm/handle-rotation.js/1.0.0/package.tgz
29 verbose request uri https://registry.npmjs.org/handle-rotation.js
30 verbose request sending authorization for write operation
31 info attempt registry request try #1 at 4:15:18 AM
32 verbose request using bearer token for auth
33 verbose request id 399ea245f4faac20
34 http request PUT https://registry.npmjs.org/handle-rotation.js
35 http 403 https://registry.npmjs.org/handle-rotation.js
36 verbose headers { 'content-type': 'application/json',
36 verbose headers   'cache-control': 'max-age=300',
36 verbose headers   'content-length': '95',
36 verbose headers   'accept-ranges': 'bytes',
36 verbose headers   date: 'Thu, 29 Sep 2016 20:15:19 GMT',
36 verbose headers   via: '1.1 varnish',
36 verbose headers   connection: 'keep-alive',
36 verbose headers   'x-served-by': 'cache-hkg6826-HKG',
36 verbose headers   'x-cache': 'MISS',
36 verbose headers   'x-cache-hits': '0',
36 verbose headers   'x-timer': 'S1475180118.559910,VS0,VE812',
36 verbose headers   vary: 'Accept-Encoding' }
37 verbose request invalidating /home/maxpoon/.npm/registry.npmjs.org/handle-rotation.js on PUT
38 error publish Failed PUT 403
39 verbose stack Error: "You cannot publish over the previously published version 1.0.0." : handle-rotation.js
39 verbose stack     at makeError (/home/maxpoon/.nvm/versions/node/v4.4.5/lib/node_modules/npm/node_modules/npm-registry-client/lib/request.js:264:12)
39 verbose stack     at CachingRegistryClient.<anonymous> (/home/maxpoon/.nvm/versions/node/v4.4.5/lib/node_modules/npm/node_modules/npm-registry-client/lib/request.js:252:14)
39 verbose stack     at Request._callback (/home/maxpoon/.nvm/versions/node/v4.4.5/lib/node_modules/npm/node_modules/npm-registry-client/lib/request.js:172:14)
39 verbose stack     at Request.self.callback (/home/maxpoon/.nvm/versions/node/v4.4.5/lib/node_modules/npm/node_modules/request/request.js:200:22)
39 verbose stack     at emitTwo (events.js:87:13)
39 verbose stack     at Request.emit (events.js:172:7)
39 verbose stack     at Request.<anonymous> (/home/maxpoon/.nvm/versions/node/v4.4.5/lib/node_modules/npm/node_modules/request/request.js:1067:10)
39 verbose stack     at emitOne (events.js:82:20)
39 verbose stack     at Request.emit (events.js:169:7)
39 verbose stack     at IncomingMessage.<anonymous> (/home/maxpoon/.nvm/versions/node/v4.4.5/lib/node_modules/npm/node_modules/request/request.js:988:12)
40 verbose statusCode 403
41 verbose pkgid handle-rotation.js
42 verbose cwd /home/maxpoon/Open_Source_Projects/handleRotation.js
43 error Linux 4.4.0-38-generic
44 error argv "/home/maxpoon/.nvm/versions/node/v4.4.5/bin/node" "/home/maxpoon/.nvm/versions/node/v4.4.5/bin/npm" "publish"
45 error node v4.4.5
46 error npm  v2.15.5
47 error code E403
48 error "You cannot publish over the previously published version 1.0.0." : handle-rotation.js
49 error If you need help, you may report this error at:
49 error     <https://github.com/npm/npm/issues>
50 verbose exit [ 1, true ]
